<?xml version="1.0" encoding="utf-8"?><testsuites><testsuite name="pytest" errors="0" failures="0" skipped="0" tests="8" time="7.348" timestamp="2023-11-14T18:14:50.563475" hostname="userpc"><testcase classname="test_1.TestPositive" name="test_step1" time="1.325" /><testcase classname="test_1.TestPositive" name="test_step2" time="1.299" /><testcase classname="test_1.TestPositive" name="test_step3" time="0.019" /><testcase classname="test_1.TestPositive" name="test_step4" time="1.190" /><testcase classname="test_1.TestPositive" name="test_step5" time="1.273" /><testcase classname="test_1.TestPositive" name="test_step6" time="1.608" /><testcase classname="test_1.TestPositive" name="test_step7" time="0.013" /><testcase classname="test_1.TestPositive" name="test_step8" time="0.552" /></testsuite></testsuites>